Watching for file changes with StatReloader
Performing system checks...

System check identified some issues:

WARNINGS:
todos.Todo: (models.W042) Auto-created primary key used when not defining a primary key type, by default 'django.db.models.AutoField'.
	HINT: Configure the DEFAULT_AUTO_FIELD setting or the TodosConfig.default_auto_field attribute to point to a subclass of AutoField, e.g. 'django.db.models.BigAutoField'.

System check identified 1 issue (0 silenced).
August 20, 2023 - 07:47:14
Django version 4.2.4, using settings 'todoApp.settings'
Starting development server at http://0.0.0.0:8000/
Quit the server with CONTROL-C.

Invalid HTTP_HOST header: '74.235.201.17:8000'. You may need to add '74.235.201.17' to ALLOWED_HOSTS.
Traceback (most recent call last):
  File "/home/azureuser/.local/lib/python3.8/site-packages/django/core/handlers/exception.py", line 55, in inner
    response = get_response(request)
  File "/home/azureuser/.local/lib/python3.8/site-packages/django/utils/deprecation.py", line 133, in __call__
    response = self.process_request(request)
  File "/home/azureuser/.local/lib/python3.8/site-packages/django/middleware/common.py", line 48, in process_request
    host = request.get_host()
  File "/home/azureuser/.local/lib/python3.8/site-packages/django/http/request.py", line 150, in get_host
    raise DisallowedHost(msg)
django.core.exceptions.DisallowedHost: Invalid HTTP_HOST header: '74.235.201.17:8000'. You may need to add '74.235.201.17' to ALLOWED_HOSTS.
Bad Request: /
[20/Aug/2023 07:47:22] "GET / HTTP/1.1" 400 63504
Invalid HTTP_HOST header: '74.235.201.17:8000'. You may need to add '74.235.201.17' to ALLOWED_HOSTS.
Traceback (most recent call last):
  File "/home/azureuser/.local/lib/python3.8/site-packages/django/core/handlers/exception.py", line 55, in inner
    response = get_response(request)
  File "/home/azureuser/.local/lib/python3.8/site-packages/django/utils/deprecation.py", line 133, in __call__
    response = self.process_request(request)
  File "/home/azureuser/.local/lib/python3.8/site-packages/django/middleware/common.py", line 48, in process_request
    host = request.get_host()
  File "/home/azureuser/.local/lib/python3.8/site-packages/django/http/request.py", line 150, in get_host
    raise DisallowedHost(msg)
django.core.exceptions.DisallowedHost: Invalid HTTP_HOST header: '74.235.201.17:8000'. You may need to add '74.235.201.17' to ALLOWED_HOSTS.
Bad Request: /favicon.ico
[20/Aug/2023 07:47:22] "GET /favicon.ico HTTP/1.1" 400 63339
Invalid HTTP_HOST header: '74.235.201.17:8000'. You may need to add '74.235.201.17' to ALLOWED_HOSTS.
Traceback (most recent call last):
  File "/home/azureuser/.local/lib/python3.8/site-packages/django/core/handlers/exception.py", line 55, in inner
    response = get_response(request)
  File "/home/azureuser/.local/lib/python3.8/site-packages/django/utils/deprecation.py", line 133, in __call__
    response = self.process_request(request)
  File "/home/azureuser/.local/lib/python3.8/site-packages/django/middleware/common.py", line 48, in process_request
    host = request.get_host()
  File "/home/azureuser/.local/lib/python3.8/site-packages/django/http/request.py", line 150, in get_host
    raise DisallowedHost(msg)
django.core.exceptions.DisallowedHost: Invalid HTTP_HOST header: '74.235.201.17:8000'. You may need to add '74.235.201.17' to ALLOWED_HOSTS.
Bad Request: /
[20/Aug/2023 07:47:23] "GET / HTTP/1.1" 400 63504
Invalid HTTP_HOST header: '74.235.201.17:8000'. You may need to add '74.235.201.17' to ALLOWED_HOSTS.
Traceback (most recent call last):
  File "/home/azureuser/.local/lib/python3.8/site-packages/django/core/handlers/exception.py", line 55, in inner
    response = get_response(request)
  File "/home/azureuser/.local/lib/python3.8/site-packages/django/utils/deprecation.py", line 133, in __call__
    response = self.process_request(request)
  File "/home/azureuser/.local/lib/python3.8/site-packages/django/middleware/common.py", line 48, in process_request
    host = request.get_host()
  File "/home/azureuser/.local/lib/python3.8/site-packages/django/http/request.py", line 150, in get_host
    raise DisallowedHost(msg)
django.core.exceptions.DisallowedHost: Invalid HTTP_HOST header: '74.235.201.17:8000'. You may need to add '74.235.201.17' to ALLOWED_HOSTS.
Bad Request: /favicon.ico
[20/Aug/2023 07:47:23] "GET /favicon.ico HTTP/1.1" 400 63339
/home/azureuser/projects/django-todo/todoApp/settings.py changed, reloading.
Watching for file changes with StatReloader
Performing system checks...

System check identified some issues:

WARNINGS:
todos.Todo: (models.W042) Auto-created primary key used when not defining a primary key type, by default 'django.db.models.AutoField'.
	HINT: Configure the DEFAULT_AUTO_FIELD setting or the TodosConfig.default_auto_field attribute to point to a subclass of AutoField, e.g. 'django.db.models.BigAutoField'.

System check identified 1 issue (0 silenced).
August 20, 2023 - 07:51:26
Django version 4.2.4, using settings 'todoApp.settings'
Starting development server at http://0.0.0.0:8000/
Quit the server with CONTROL-C.

/home/azureuser/projects/django-todo/todoApp/settings.py changed, reloading.
Watching for file changes with StatReloader
Performing system checks...

System check identified some issues:

WARNINGS:
todos.Todo: (models.W042) Auto-created primary key used when not defining a primary key type, by default 'django.db.models.AutoField'.
	HINT: Configure the DEFAULT_AUTO_FIELD setting or the TodosConfig.default_auto_field attribute to point to a subclass of AutoField, e.g. 'django.db.models.BigAutoField'.

System check identified 1 issue (0 silenced).
August 20, 2023 - 07:51:49
Django version 4.2.4, using settings 'todoApp.settings'
Starting development server at http://0.0.0.0:8000/
Quit the server with CONTROL-C.

[20/Aug/2023 07:52:18] "GET / HTTP/1.1" 302 0
[20/Aug/2023 07:52:18] "GET /todos HTTP/1.1" 301 0
[20/Aug/2023 07:52:18] "GET /todos/ HTTP/1.1" 200 3515
[20/Aug/2023 07:52:18] "GET /static/css/style.css HTTP/1.1" 200 225
Not Found: /favicon.ico
[20/Aug/2023 07:52:19] "GET /favicon.ico HTTP/1.1" 404 2574
[20/Aug/2023 07:52:21] "GET /todos/ HTTP/1.1" 200 3515
[20/Aug/2023 08:09:12] "GET / HTTP/1.1" 302 0
[20/Aug/2023 08:09:13] "GET /todos/ HTTP/1.1" 200 3515
[20/Aug/2023 08:09:13] "GET /static/css/style.css HTTP/1.1" 304 0
[20/Aug/2023 08:14:30] "GET /todos/ HTTP/1.1" 200 3515
[20/Aug/2023 08:14:30] "GET /static/css/style.css HTTP/1.1" 304 0
